<?xml version="1.0" encoding="UTF-8"?>
<!-- Generated by org.testng.reporters.JUnitReportReporter -->
<testsuite skipped="0" hostname="OCI-RITSQJMTST" name="com.cosacs.TestCases.COS_86_Exchangerate" tests="2" failures="0" timestamp="07 Oct 2020 11:21:32 GMT" time="32.112" errors="0">
  <testcase name="Validate_ExchangeRtae_Test" time="11.093" classname="com.cosacs.TestCases.COS_86_Exchangerate"/>
  <testcase name="verifyexchangerate_Test" time="21.019" classname="com.cosacs.TestCases.COS_86_Exchangerate"/>
</testsuite> <!-- com.cosacs.TestCases.COS_86_Exchangerate -->
