<?xml version="1.0" encoding="UTF-8"?>
<!-- Generated by org.testng.reporters.JUnitReportReporter -->
<testsuite skipped="0" hostname="OCI-RITSQJMTST" name="com.cosacs.TestCases.COS_26_Pointofsales" tests="5" failures="0" timestamp="07 Oct 2020 11:15:07 GMT" time="42.166" errors="0">
  <testcase name="Validate_Generated_InvoiceNumber_Test" time="6.775" classname="com.cosacs.TestCases.COS_26_Pointofsales"/>
  <testcase name="Make_Payment_And_GenerateInvoiceNumber_Test" time="15.514" classname="com.cosacs.TestCases.COS_26_Pointofsales"/>
  <testcase name="SearchForTheProduct_AddRandomProducts_Test" time="11.971" classname="com.cosacs.TestCases.COS_26_Pointofsales"/>
  <testcase name="Validate_AddedProduct_And_UnitCost_Test" time="5.134" classname="com.cosacs.TestCases.COS_26_Pointofsales"/>
  <testcase name="Add_CustomerDetails_Test" time="2.772" classname="com.cosacs.TestCases.COS_26_Pointofsales"/>
</testsuite> <!-- com.cosacs.TestCases.COS_26_Pointofsales -->
