<?xml version="1.0" encoding="UTF-8"?>
<!-- Generated by org.testng.reporters.JUnitReportReporter -->
<testsuite skipped="0" hostname="LAPTOP-FQJ2DVAE" name="com.cosacs.TestCases.COS79_ServiceIncomeAnalysis" tests="2" failures="0" timestamp="27 Sep 2020 03:55:59 GMT" time="33.953" errors="0">
  <testcase name="ServiceIncome" time="18.712" classname="com.cosacs.TestCases.COS79_ServiceIncomeAnalysis"/>
  <testcase name="SerrviceIncomeAnalysis" time="15.241" classname="com.cosacs.TestCases.COS79_ServiceIncomeAnalysis"/>
</testsuite> <!-- com.cosacs.TestCases.COS79_ServiceIncomeAnalysis -->
