<?xml version="1.0" encoding="UTF-8"?>
<!-- Generated by org.testng.reporters.JUnitReportReporter -->
<testsuite skipped="0" hostname="LAPTOP-FQJ2DVAE" name="com.cosacs.TestCases.COS13_NewNonStockCreation" tests="2" failures="0" timestamp="26 Sep 2020 07:09:12 GMT" time="18.957" errors="0">
  <testcase name="NonStockCreation" time="9.711" classname="com.cosacs.TestCases.COS13_NewNonStockCreation"/>
  <testcase name="NonStock" time="9.246" classname="com.cosacs.TestCases.COS13_NewNonStockCreation"/>
</testsuite> <!-- com.cosacs.TestCases.COS13_NewNonStockCreation -->
