<?xml version="1.0" encoding="UTF-8"?>
<!-- Generated by org.testng.reporters.JUnitReportReporter -->
<testsuite skipped="0" hostname="LAPTOP-FQJ2DVAE" name="com.cosacs.TestCases.COS96_SalesComparisonReport" tests="1" failures="0" timestamp="27 Sep 2020 06:59:29 GMT" time="58.739" errors="0">
  <testcase name="SalesComparisonReport" time="58.739" classname="com.cosacs.TestCases.COS96_SalesComparisonReport"/>
</testsuite> <!-- com.cosacs.TestCases.COS96_SalesComparisonReport -->
