<?xml version="1.0" encoding="UTF-8"?>
<!-- Generated by org.testng.reporters.JUnitReportReporter -->
<testsuite skipped="0" hostname="LAPTOP-FQJ2DVAE" name="com.cosacs.TestCases.WeeklyTradingReport" tests="1" failures="0" timestamp="27 Sep 2020 03:06:21 GMT" time="8.171" errors="0">
  <testcase name="Report" time="8.171" classname="com.cosacs.TestCases.WeeklyTradingReport"/>
</testsuite> <!-- com.cosacs.TestCases.WeeklyTradingReport -->
