<?xml version="1.0" encoding="UTF-8"?>
<!-- Generated by org.testng.reporters.JUnitReportReporter -->
<testsuite skipped="0" hostname="LAPTOP-FQJ2DVAE" name="com.cosacs.TestCases.COS93_BuyerSalesHistoryReport" tests="2" failures="0" timestamp="27 Sep 2020 02:03:58 GMT" time="66.475" errors="0">
  <testcase name="verifyBuyerSalesReport" time="54.258" classname="com.cosacs.TestCases.COS93_BuyerSalesHistoryReport"/>
  <testcase name="BuyerSalesHistoryReport" time="12.217" classname="com.cosacs.TestCases.COS93_BuyerSalesHistoryReport"/>
</testsuite> <!-- com.cosacs.TestCases.COS93_BuyerSalesHistoryReport -->
