<?xml version="1.0" encoding="UTF-8"?>
<!-- Generated by org.testng.reporters.JUnitReportReporter -->
<testsuite skipped="0" hostname="OCI-RITSQJMTST" name="com.cosacs.TestCases.COS14_PurchaseOrder" tests="2" failures="0" timestamp="07 Oct 2020 02:03:54 GMT" time="49.305" errors="0">
  <testcase name="PurchaseOrder" time="44.211" classname="com.cosacs.TestCases.COS14_PurchaseOrder"/>
  <testcase name="PurchaseOrderSearch" time="5.094" classname="com.cosacs.TestCases.COS14_PurchaseOrder"/>
</testsuite> <!-- com.cosacs.TestCases.COS14_PurchaseOrder -->
