<?xml version="1.0" encoding="UTF-8"?>
<!-- Generated by org.testng.reporters.JUnitReportReporter -->
<testsuite skipped="0" hostname="LAPTOP-FQJ2DVAE" name="com.cosacs.TestCases.COS13_NonStocksExports" tests="1" failures="0" timestamp="26 Sep 2020 07:09:12 GMT" time="10.522" errors="0">
  <testcase name="NonstockExports" time="10.522" classname="com.cosacs.TestCases.COS13_NonStocksExports"/>
</testsuite> <!-- com.cosacs.TestCases.COS13_NonStocksExports -->
