<?xml version="1.0" encoding="UTF-8"?>
<!-- Generated by org.testng.reporters.JUnitReportReporter -->
<testsuite skipped="0" hostname="LAPTOP-FQJ2DVAE" name="com.cosacs.TestCases.COS85_WarrantyReports" tests="6" failures="0" timestamp="26 Sep 2020 07:09:12 GMT" time="449.582" errors="0">
  <testcase name="warrantysales_Report_Test" time="131.776" classname="com.cosacs.TestCases.COS85_WarrantyReports"/>
  <testcase name="WarrantyDueRenewal_Report_Test" time="124.046" classname="com.cosacs.TestCases.COS85_WarrantyReports"/>
  <testcase name="WarantyReturn_Reports_Test" time="20.224" classname="com.cosacs.TestCases.COS85_WarrantyReports"/>
  <testcase name="WarrantyHitRate_Report_Test" time="31.662" classname="com.cosacs.TestCases.COS85_WarrantyReports"/>
  <testcase name="secondSolitaion_CandidatesReports_Test" time="124.686" classname="com.cosacs.TestCases.COS85_WarrantyReports"/>
  <testcase name="brokerwarranty_Transactionsreports_Test" time="17.188" classname="com.cosacs.TestCases.COS85_WarrantyReports"/>
</testsuite> <!-- com.cosacs.TestCases.COS85_WarrantyReports -->
