<?xml version="1.0" encoding="UTF-8"?>
<!-- Generated by org.testng.reporters.JUnitReportReporter -->
<testsuite skipped="0" hostname="OCI-RITSQJMTST" name="com.cosacs.TestCases.COS60_Search_MyJobs" tests="2" failures="0" timestamp="07 Oct 2020 12:53:22 GMT" time="161.036" errors="0">
  <testcase name="SearchMyJobsPage" time="153.495" classname="com.cosacs.TestCases.COS60_Search_MyJobs"/>
  <testcase name="SearchMyJobs" time="7.541" classname="com.cosacs.TestCases.COS60_Search_MyJobs"/>
</testsuite> <!-- com.cosacs.TestCases.COS60_Search_MyJobs -->
