<?xml version="1.0" encoding="UTF-8"?>
<!-- Generated by org.testng.reporters.JUnitReportReporter -->
<testsuite skipped="0" hostname="OCI-RITSQJMTST" name="com.cosacs.TestCases.COS50_WarrantyPromotions" tests="2" failures="0" timestamp="07 Oct 2020 14:06:17 GMT" time="20.017" errors="0">
  <testcase name="WarrantyPromotionsServices" time="18.634" classname="com.cosacs.TestCases.COS50_WarrantyPromotions"/>
  <testcase name="WarrantyPromotions" time="1.383" classname="com.cosacs.TestCases.COS50_WarrantyPromotions"/>
</testsuite> <!-- com.cosacs.TestCases.COS50_WarrantyPromotions -->
