<?xml version="1.0" encoding="UTF-8"?>
<!-- Generated by org.testng.reporters.JUnitReportReporter -->
<testsuite skipped="0" hostname="LAPTOP-FQJ2DVAE" name="com.cosacs.TestCases.COS48_WarrantyProductLink" tests="2" failures="0" timestamp="27 Sep 2020 17:24:45 GMT" time="37.748" errors="0">
  <testcase name="WarrantyProductLink" time="15.193" classname="com.cosacs.TestCases.COS48_WarrantyProductLink"/>
  <testcase name="LinkProduct" time="22.555" classname="com.cosacs.TestCases.COS48_WarrantyProductLink"/>
</testsuite> <!-- com.cosacs.TestCases.COS48_WarrantyProductLink -->
