<?xml version="1.0" encoding="UTF-8"?>
<!-- Generated by org.testng.reporters.JUnitReportReporter -->
<testsuite skipped="0" hostname="OCI-RITSQJMTST" name="com.cosacs.TestCases.COS57_TechnicianDairy" tests="1" failures="0" timestamp="07 Oct 2020 12:18:59 GMT" time="20.462" errors="0">
  <testcase name="TechnicianDairy" time="20.462" classname="com.cosacs.TestCases.COS57_TechnicianDairy"/>
</testsuite> <!-- com.cosacs.TestCases.COS57_TechnicianDairy -->
