<?xml version="1.0" encoding="UTF-8"?>
<!-- Generated by org.testng.reporters.JUnitReportReporter -->
<testsuite skipped="0" hostname="OCI-RITSQJMTST" name="com.cosacs.TestCases.COS05_RegularStock" tests="4" failures="0" timestamp="07 Oct 2020 02:26:20 GMT" time="111.890" errors="0">
  <testcase name="ProductEnquiry" time="5.546" classname="com.cosacs.TestCases.COS05_RegularStock"/>
  <testcase name="ProductDetails" time="81.463" classname="com.cosacs.TestCases.COS05_RegularStock"/>
  <testcase name="RegularStocks" time="3.572" classname="com.cosacs.TestCases.COS05_RegularStock"/>
  <testcase name="CreateRegularStock" time="21.309" classname="com.cosacs.TestCases.COS05_RegularStock"/>
</testsuite> <!-- com.cosacs.TestCases.COS05_RegularStock -->
