<?xml version="1.0" encoding="UTF-8"?>
<!-- Generated by org.testng.reporters.JUnitReportReporter -->
<testsuite skipped="0" hostname="OCI-RITSQJMTST" name="com.cosacs.TestCases.COS02_ProductHierarchy" tests="1" failures="0" timestamp="07 Oct 2020 02:26:20 GMT" time="15.879" errors="0">
  <testcase name="create_prdthierarchy_Test" time="15.879" classname="com.cosacs.TestCases.COS02_ProductHierarchy"/>
</testsuite> <!-- com.cosacs.TestCases.COS02_ProductHierarchy -->
