<?xml version="1.0" encoding="UTF-8"?>
<!-- Generated by org.testng.reporters.JUnitReportReporter -->
<testsuite skipped="0" hostname="OCI-RITSQJMTST" name="com.cosacs.TestCases.COS17_GoodsReceipt" tests="1" failures="0" timestamp="06 Oct 2020 12:44:21 GMT" time="88.464" errors="0">
  <testcase name="create_GoodsReciept_Test" time="88.464" classname="com.cosacs.TestCases.COS17_GoodsReceipt"/>
</testsuite> <!-- com.cosacs.TestCases.COS17_GoodsReceipt -->
