<?xml version="1.0" encoding="UTF-8"?>
<!-- Generated by org.testng.reporters.JUnitReportReporter -->
<testsuite skipped="0" hostname="LAPTOP-FQJ2DVAE" name="com.cosacs.TestCases.COS112_Logistics_DeliveryPerformanceSummary" tests="2" failures="0" timestamp="27 Sep 2020 03:04:18 GMT" time="64.761" errors="0">
  <testcase name="Delivery_PerformanceSummary" time="54.656" classname="com.cosacs.TestCases.COS112_Logistics_DeliveryPerformanceSummary"/>
  <testcase name="CreateCombo" time="10.105" classname="com.cosacs.TestCases.COS112_Logistics_DeliveryPerformanceSummary"/>
</testsuite> <!-- com.cosacs.TestCases.COS112_Logistics_DeliveryPerformanceSummary -->
