<?xml version="1.0" encoding="UTF-8"?>
<!-- Generated by org.testng.reporters.JUnitReportReporter -->
<testsuite skipped="0" hostname="OCI-RITSQJMTST" name="com.cosacs.TestCases.COS09_ComboProductCreation" tests="2" failures="0" timestamp="06 Oct 2020 12:44:21 GMT" time="159.712" errors="0">
  <testcase name="ComboProduct" time="151.715" classname="com.cosacs.TestCases.COS09_ComboProductCreation"/>
  <testcase name="CreateCombo" time="7.997" classname="com.cosacs.TestCases.COS09_ComboProductCreation"/>
</testsuite> <!-- com.cosacs.TestCases.COS09_ComboProductCreation -->
