<?xml version="1.0" encoding="UTF-8"?>
<!-- Generated by org.testng.reporters.JUnitReportReporter -->
<testsuite skipped="0" hostname="OCI-RITSQJMTST" name="com.cosacs.TestCases.COS10_SparePartsProductCreation" tests="2" failures="0" timestamp="07 Oct 2020 15:46:06 GMT" time="52.975" errors="0">
  <testcase name="verifysaprePartCreation" time="35.889" classname="com.cosacs.TestCases.COS10_SparePartsProductCreation"/>
  <testcase name="saprePartCreation" time="17.086" classname="com.cosacs.TestCases.COS10_SparePartsProductCreation"/>
</testsuite> <!-- com.cosacs.TestCases.COS10_SparePartsProductCreation -->
