<?xml version="1.0" encoding="UTF-8"?>
<!-- Generated by org.testng.reporters.JUnitReportReporter -->
<testsuite skipped="0" hostname="OCI-RITSQJMTST" name="com.cosacs.TestCases.COS_18_Directreceipt" tests="3" failures="0" timestamp="28 Sep 2020 12:53:13 GMT" time="92.439" errors="0">
  <testcase name="Directreceipt_verify_stockcount_Test" time="15.549" classname="com.cosacs.TestCases.COS_18_Directreceipt"/>
  <testcase name="Generate_Directreceipt_number_form_Test" time="56.920" classname="com.cosacs.TestCases.COS_18_Directreceipt"/>
  <testcase name="Validate_Directreceipt_stockcount_afterDRN_Test" time="19.970" classname="com.cosacs.TestCases.COS_18_Directreceipt"/>
</testsuite> <!-- com.cosacs.TestCases.COS_18_Directreceipt -->
