<?xml version="1.0" encoding="UTF-8"?>
<!-- Generated by org.testng.reporters.JUnitReportReporter -->
<testsuite skipped="0" hostname="OCI-RITSQJMTST" name="com.cosacs.TestCases.COS16_StockRequisitionProcess" tests="3" failures="0" timestamp="06 Oct 2020 12:44:21 GMT" time="24.064" errors="0">
  <testcase name="StockRequisition" time="1.369" classname="com.cosacs.TestCases.COS16_StockRequisitionProcess"/>
  <testcase name="createStockRequisition" time="12.257" classname="com.cosacs.TestCases.COS16_StockRequisitionProcess"/>
  <testcase name="SearchStockRequisition" time="10.438" classname="com.cosacs.TestCases.COS16_StockRequisitionProcess"/>
</testsuite> <!-- com.cosacs.TestCases.COS16_StockRequisitionProcess -->
