<?xml version="1.0" encoding="UTF-8"?>
<!-- Generated by org.testng.reporters.JUnitReportReporter -->
<testsuite skipped="0" hostname="OCI-RITSQJMTST" name="com.cosacs.TestCases.COS13_NonStockProductCreation" tests="6" failures="0" timestamp="07 Oct 2020 12:49:21 GMT" time="115.939" errors="0">
  <testcase name="NonStock" time="5.768" classname="com.cosacs.TestCases.COS13_NonStockProductCreation"/>
  <testcase name="NonStockCreation" time="10.497" classname="com.cosacs.TestCases.COS13_NonStockProductCreation"/>
  <testcase name="SearchNonStocks" time="24.494" classname="com.cosacs.TestCases.COS13_NonStockProductCreation"/>
  <testcase name="NonStockProduct" time="39.686" classname="com.cosacs.TestCases.COS13_NonStockProductCreation"/>
  <testcase name="NonStockPromotion" time="22.980" classname="com.cosacs.TestCases.COS13_NonStockProductCreation"/>
  <testcase name="NonstockExports" time="12.514" classname="com.cosacs.TestCases.COS13_NonStockProductCreation"/>
</testsuite> <!-- com.cosacs.TestCases.COS13_NonStockProductCreation -->
