<?xml version="1.0" encoding="UTF-8"?>
<!-- Generated by org.testng.reporters.JUnitReportReporter -->
<testsuite skipped="0" hostname="OCI-RITSQJMTST" name="com.cosacs.TestCases.COS_45Extended" tests="2" failures="0" timestamp="07 Oct 2020 16:58:19 GMT" time="40.624" errors="0">
  <testcase name="ExtendedAndFree" time="19.994" classname="com.cosacs.TestCases.COS_45Extended"/>
  <testcase name="Extended" time="20.630" classname="com.cosacs.TestCases.COS_45Extended"/>
</testsuite> <!-- com.cosacs.TestCases.COS_45Extended -->
