<?xml version="1.0" encoding="UTF-8"?>
<!-- Generated by org.testng.reporters.JUnitReportReporter -->
<testsuite skipped="0" hostname="LAPTOP-FQJ2DVAE" name="com.cosacs.TestCases.COS13_SearchNonStocks" tests="1" failures="0" timestamp="26 Sep 2020 07:09:12 GMT" time="25.264" errors="0">
  <testcase name="SearchNonStocks" time="25.264" classname="com.cosacs.TestCases.COS13_SearchNonStocks"/>
</testsuite> <!-- com.cosacs.TestCases.COS13_SearchNonStocks -->
