<?xml version="1.0" encoding="UTF-8"?>
<!-- Generated by org.testng.reporters.JUnitReportReporter -->
<testsuite skipped="0" hostname="OCI-RITSQJMTST" name="com.cosacs.TestCases.COS01_LocationCreation" tests="2" failures="0" timestamp="08 Oct 2020 05:35:53 GMT" time="19.736" errors="0">
  <testcase name="createLocation_Test" time="12.187" classname="com.cosacs.TestCases.COS01_LocationCreation"/>
  <testcase name="searchLocation_Test" time="7.549" classname="com.cosacs.TestCases.COS01_LocationCreation"/>
</testsuite> <!-- com.cosacs.TestCases.COS01_LocationCreation -->
