<?xml version="1.0" encoding="UTF-8"?>
<!-- Generated by org.testng.reporters.JUnitReportReporter -->
<testsuite skipped="0" hostname="LAPTOP-FQJ2DVAE" name="com.cosacs.TestCases.COS84_Service_Claims_Report" tests="1" failures="0" timestamp="26 Sep 2020 07:09:12 GMT" time="33.050" errors="0">
  <testcase name="ServiceClaims" time="33.050" classname="com.cosacs.TestCases.COS84_Service_Claims_Report"/>
</testsuite> <!-- com.cosacs.TestCases.COS84_Service_Claims_Report -->
