<?xml version="1.0" encoding="UTF-8"?>
<!-- Generated by org.testng.reporters.JUnitReportReporter -->
<testsuite skipped="0" hostname="LAPTOP-FQJ2DVAE" name="com.cosacs.TestCases.COS77_ServiceRequestFinancialReport" tests="2" failures="0" timestamp="27 Sep 2020 01:58:45 GMT" time="31.593" errors="0">
  <testcase name="SRFinancialReport" time="10.976" classname="com.cosacs.TestCases.COS77_ServiceRequestFinancialReport"/>
  <testcase name="verifyBuyerSalesReport" time="20.617" classname="com.cosacs.TestCases.COS77_ServiceRequestFinancialReport"/>
</testsuite> <!-- com.cosacs.TestCases.COS77_ServiceRequestFinancialReport -->
