<?xml version="1.0" encoding="UTF-8"?>
<!-- Generated by org.testng.reporters.JUnitReportReporter -->
<testsuite skipped="0" hostname="OCI-RITSQJMTST" name="com.cosacs.TestCases.COS8_SetProduct" tests="2" failures="0" timestamp="28 Sep 2020 13:28:01 GMT" time="128.827" errors="0">
  <testcase name="SetProduct" time="1.502" classname="com.cosacs.TestCases.COS8_SetProduct"/>
  <testcase name="createSetProduct" time="127.325" classname="com.cosacs.TestCases.COS8_SetProduct"/>
</testsuite> <!-- com.cosacs.TestCases.COS8_SetProduct -->
