<?xml version="1.0" encoding="UTF-8"?>
<!-- Generated by org.testng.reporters.JUnitReportReporter -->
<testsuite skipped="0" hostname="OCI-RITSQJMTST" name="com.cosacs.TestCases.COS_54_Discountlimitsetup" tests="2" failures="0" timestamp="07 Oct 2020 11:34:55 GMT" time="26.546" errors="0">
  <testcase name="Adding_discountvalue_Test" time="12.587" classname="com.cosacs.TestCases.COS_54_Discountlimitsetup"/>
  <testcase name="Verify_DiscountLimit_Test" time="13.959" classname="com.cosacs.TestCases.COS_54_Discountlimitsetup"/>
</testsuite> <!-- com.cosacs.TestCases.COS_54_Discountlimitsetup -->
