<?xml version="1.0" encoding="UTF-8"?>
<!-- Generated by org.testng.reporters.JUnitReportReporter -->
<testsuite skipped="0" hostname="OCI-RITSQJMTST" name="com.cosacs.TestCases.COS15_StockAllocation" tests="3" failures="0" timestamp="06 Oct 2020 12:44:21 GMT" time="19.095" errors="0">
  <testcase name="StockAllocation" time="2.387" classname="com.cosacs.TestCases.COS15_StockAllocation"/>
  <testcase name="createStockAllocation" time="11.236" classname="com.cosacs.TestCases.COS15_StockAllocation"/>
  <testcase name="SearchStockAllocation" time="5.472" classname="com.cosacs.TestCases.COS15_StockAllocation"/>
</testsuite> <!-- com.cosacs.TestCases.COS15_StockAllocation -->
