<?xml version="1.0" encoding="UTF-8"?>
<!-- Generated by org.testng.reporters.JUnitReportReporter -->
<testsuite skipped="0" hostname="LAPTOP-FQJ2DVAE" name="com.cosacs.TestCases.COS13_NonStockPromotions" tests="1" failures="0" timestamp="26 Sep 2020 07:09:12 GMT" time="26.299" errors="0">
  <testcase name="NonStockPromotion" time="26.299" classname="com.cosacs.TestCases.COS13_NonStockPromotions"/>
</testsuite> <!-- com.cosacs.TestCases.COS13_NonStockPromotions -->
