<?xml version="1.0" encoding="UTF-8"?>
<!-- Generated by org.testng.reporters.JUnitReportReporter -->
<testsuite skipped="0" hostname="OCI-RITSQJMTST" name="com.cosacs.TestCases.COS61_TechnicianPayments" tests="2" failures="0" timestamp="07 Oct 2020 12:53:47 GMT" time="33.143" errors="0">
  <testcase name="TechnicianPayments" time="9.109" classname="com.cosacs.TestCases.COS61_TechnicianPayments"/>
  <testcase name="TechnicianPaymentsPage" time="24.034" classname="com.cosacs.TestCases.COS61_TechnicianPayments"/>
</testsuite> <!-- com.cosacs.TestCases.COS61_TechnicianPayments -->
