<?xml version="1.0" encoding="UTF-8"?>
<!-- Generated by org.testng.reporters.JUnitReportReporter -->
<testsuite skipped="0" hostname="LAPTOP-FQJ2DVAE" name="com.cosacs.TestCases.COS75_SpareParts_Report" tests="1" failures="0" timestamp="26 Sep 2020 07:09:12 GMT" time="37.728" errors="0">
  <testcase name="SparePartsReport" time="37.728" classname="com.cosacs.TestCases.COS75_SpareParts_Report"/>
</testsuite> <!-- com.cosacs.TestCases.COS75_SpareParts_Report -->
