<?xml version="1.0" encoding="UTF-8"?>
<!-- Generated by org.testng.reporters.JUnitReportReporter -->
<testsuite skipped="0" hostname="OCI-RITSQJMTST" name="com.cosacs.TestCases.COS06_LocalProductCreation" tests="2" failures="0" timestamp="06 Oct 2020 12:44:21 GMT" time="82.097" errors="0">
  <testcase name="LocalProduct" time="5.054" classname="com.cosacs.TestCases.COS06_LocalProductCreation"/>
  <testcase name="createLocationForm" time="77.043" classname="com.cosacs.TestCases.COS06_LocalProductCreation"/>
</testsuite> <!-- com.cosacs.TestCases.COS06_LocalProductCreation -->
