<?xml version="1.0" encoding="UTF-8"?>
<!-- Generated by org.testng.reporters.JUnitReportReporter -->
<testsuite skipped="0" hostname="LAPTOP-FQJ2DVAE" name="com.cosacs.TestCases.COS_87_Paymentmethod" tests="4" failures="0" timestamp="26 Sep 2020 07:09:12 GMT" time="38.489" errors="0">
  <testcase name="Validate_PaymentMethod_Selected_Test" time="9.422" classname="com.cosacs.TestCases.COS_87_Paymentmethod"/>
  <testcase name="Select_Required_PaymentMethodCheckBox_Test" time="6.084" classname="com.cosacs.TestCases.COS_87_Paymentmethod"/>
  <testcase name="MakeChanges_AS_previous_Test4" time="4.777" classname="com.cosacs.TestCases.COS_87_Paymentmethod"/>
  <testcase name="Print_PaymentMethod_ListAvailableinPOS_Test" time="18.206" classname="com.cosacs.TestCases.COS_87_Paymentmethod"/>
</testsuite> <!-- com.cosacs.TestCases.COS_87_Paymentmethod -->
