<?xml version="1.0" encoding="UTF-8"?>
<!-- Generated by org.testng.reporters.JUnitReportReporter -->
<testsuite skipped="0" hostname="LAPTOP-FQJ2DVAE" name="com.cosacs.TestCases.COS92_AllocatedStockReport" tests="1" failures="0" timestamp="27 Sep 2020 04:08:33 GMT" time="131.459" errors="0">
  <testcase name="StockReport" time="131.459" classname="com.cosacs.TestCases.COS92_AllocatedStockReport"/>
</testsuite> <!-- com.cosacs.TestCases.COS92_AllocatedStockReport -->
