<?xml version="1.0" encoding="UTF-8"?>
<!-- Generated by org.testng.reporters.JUnitReportReporter -->
<testsuite skipped="0" hostname="OCI-RITSQJMTST" name="com.cosacs.TestCases.COS04_LocalVendorCreation" tests="2" failures="0" timestamp="08 Oct 2020 05:35:53 GMT" time="30.691" errors="0">
  <testcase name="SearchVendor_Test" time="8.301" classname="com.cosacs.TestCases.COS04_LocalVendorCreation"/>
  <testcase name="createVendor_Test" time="22.390" classname="com.cosacs.TestCases.COS04_LocalVendorCreation"/>
</testsuite> <!-- com.cosacs.TestCases.COS04_LocalVendorCreation -->
