<?xml version="1.0" encoding="UTF-8"?>
<!-- Generated by org.testng.reporters.JUnitReportReporter -->
<testsuite skipped="0" hostname="LAPTOP-FQJ2DVAE" name="com.cosacs.TestCases.COS49_WarrantySimulator" tests="2" failures="0" timestamp="28 Sep 2020 05:04:35 GMT" time="17.734" errors="0">
  <testcase name="WarrantySimulator" time="15.249" classname="com.cosacs.TestCases.COS49_WarrantySimulator"/>
  <testcase name="WarrantySimulatorServices" time="2.485" classname="com.cosacs.TestCases.COS49_WarrantySimulator"/>
</testsuite> <!-- com.cosacs.TestCases.COS49_WarrantySimulator -->
