<?xml version="1.0" encoding="UTF-8"?>
<!-- Generated by org.testng.reporters.JUnitReportReporter -->
<testsuite skipped="0" hostname="LAPTOP-FQJ2DVAE" name="com.cosacs.TestCases.COS38_TechServRepairs" tests="2" failures="0" timestamp="28 Sep 2020 04:58:43 GMT" time="253.257" errors="0">
  <testcase name="ServiceRepairsFunction" time="237.057" classname="com.cosacs.TestCases.COS38_TechServRepairs"/>
  <testcase name="ServiceRepairs" time="16.200" classname="com.cosacs.TestCases.COS38_TechServRepairs"/>
</testsuite> <!-- com.cosacs.TestCases.COS38_TechServRepairs -->
