<?xml version="1.0" encoding="UTF-8"?>
<!-- Generated by org.testng.reporters.JUnitReportReporter -->
<testsuite skipped="0" hostname="LAPTOP-FQJ2DVAE" name="com.cosacs.TestCases.COS83_OutstandingSRForProdDept" tests="2" failures="0" timestamp="27 Sep 2020 02:14:43 GMT" time="12.543" errors="0">
  <testcase name="OutstandingSRProdDept" time="5.136" classname="com.cosacs.TestCases.COS83_OutstandingSRForProdDept"/>
  <testcase name="OutstandingSRPerProdDept" time="7.407" classname="com.cosacs.TestCases.COS83_OutstandingSRForProdDept"/>
</testsuite> <!-- com.cosacs.TestCases.COS83_OutstandingSRForProdDept -->
