<?xml version="1.0" encoding="UTF-8"?>
<!-- Generated by org.testng.reporters.JUnitReportReporter -->
<testsuite skipped="0" hostname="OCI-RITSQJMTST" name="com.cosacs.TestCases.COS65_Service_Suppliers" tests="1" failures="0" timestamp="07 Oct 2020 12:22:36 GMT" time="18.442" errors="0">
  <testcase name="Suppliers" time="18.442" classname="com.cosacs.TestCases.COS65_Service_Suppliers"/>
</testsuite> <!-- com.cosacs.TestCases.COS65_Service_Suppliers -->
