<?xml version="1.0" encoding="UTF-8"?>
<!-- Generated by org.testng.reporters.JUnitReportReporter -->
<testsuite skipped="0" hostname="OCI-RITSQJMTST" name="com.cosacs.TestCases.COS20_HomeDelivery" tests="5" failures="0" timestamp="07 Oct 2020 12:02:54 GMT" time="98.489" errors="0">
  <testcase name="Picking" time="36.435" classname="com.cosacs.TestCases.COS20_HomeDelivery"/>
  <testcase name="SearchShipments" time="5.965" classname="com.cosacs.TestCases.COS20_HomeDelivery"/>
  <testcase name="SearchPicklist" time="28.542" classname="com.cosacs.TestCases.COS20_HomeDelivery"/>
  <testcase name="SearchDeliverySchedules" time="5.354" classname="com.cosacs.TestCases.COS20_HomeDelivery"/>
  <testcase name="Scheduling" time="22.193" classname="com.cosacs.TestCases.COS20_HomeDelivery"/>
</testsuite> <!-- com.cosacs.TestCases.COS20_HomeDelivery -->
