<?xml version="1.0" encoding="UTF-8"?>
<!-- Generated by org.testng.reporters.JUnitReportReporter -->
<testsuite skipped="0" hostname="LAPTOP-FQJ2DVAE" name="com.cosacs.TestCases.COS103_Merchandising_Warehouse_OverSupply" tests="2" failures="0" timestamp="27 Sep 2020 02:48:45 GMT" time="58.787" errors="0">
  <testcase name="Reports_WarehouseOversupply" time="7.786" classname="com.cosacs.TestCases.COS103_Merchandising_Warehouse_OverSupply"/>
  <testcase name="Reports_WarehouseOversupply1" time="51.001" classname="com.cosacs.TestCases.COS103_Merchandising_Warehouse_OverSupply"/>
</testsuite> <!-- com.cosacs.TestCases.COS103_Merchandising_Warehouse_OverSupply -->
